<?xml version="1.0" encoding="UTF-8"?>
<testng-results skipped="0" failed="0" ignored="0" total="1" passed="1">
  <reporter-output>
  </reporter-output>
  <suite name="Default suite" duration-ms="13947" started-at="2023-01-28T11:52:34 EST" finished-at="2023-01-28T11:52:48 EST">
    <groups>
    </groups>
    <test name="Default test" duration-ms="13947" started-at="2023-01-28T11:52:34 EST" finished-at="2023-01-28T11:52:48 EST">
      <class name="org.mma.mercury.tours.UserRegister">
        <test-method status="PASS" signature="userRegisterTest()[pri:0, instance:org.mma.mercury.tours.UserRegister@33f88ab]" name="userRegisterTest" duration-ms="13856" started-at="2023-01-28T11:52:35 EST" finished-at="2023-01-28T11:52:48 EST">
          <reporter-output>
          </reporter-output>
        </test-method> <!-- userRegisterTest -->
      </class> <!-- org.mma.mercury.tours.UserRegister -->
    </test> <!-- Default test -->
  </suite> <!-- Default suite -->
</testng-results>
